<?xml version="1.0" encoding="UTF-8"?>
<!-- Generated by org.testng.reporters.JUnitReportReporter -->
<testsuite hostname="Admin-PC" failures="0" tests="1" name="academy.E2EProject.ValidateMenu" time="1.965" errors="0" timestamp="2021-03-14T21:16:36 IST" skipped="0">
  <testcase classname="academy.E2EProject.ValidateMenu" name="basePageNavigation" time="1.965"/>
  <system-out/>
</testsuite> <!-- academy.E2EProject.ValidateMenu -->
