<?xml version="1.0" encoding="UTF-8"?>
<!-- Generated by org.testng.reporters.JUnitReportReporter -->
<testsuite skipped="0" hostname="Admin-PC" name="academy.E2EProject.ValidateTitle" tests="1" failures="0" timestamp="2021-03-13T16:29:07 IST" time="21.437" errors="0">
  <testcase name="basePageNavigation" time="21.437" classname="academy.E2EProject.ValidateTitle"/>
  <system-out/>
</testsuite> <!-- academy.E2EProject.ValidateTitle -->
