<?xml version="1.0" encoding="UTF-8"?>
<!-- Generated by org.testng.reporters.JUnitReportReporter -->
<testsuite skipped="0" hostname="Admin-PC" name="academy.E2EProject.ValidateMenu" tests="1" failures="0" timestamp="2021-03-13T16:29:07 IST" time="0.131" errors="0">
  <testcase name="basePageNavigation" time="0.131" classname="academy.E2EProject.ValidateMenu"/>
  <system-out/>
</testsuite> <!-- academy.E2EProject.ValidateMenu -->
